<?xml version="1.0" encoding="UTF-8"?>
<testng-results skipped="0" failed="0" ignored="0" total="0" passed="0">
  <reporter-output>
  </reporter-output>
  <suite name="Surefire suite" duration-ms="117325" started-at="2022-06-14T06:34:28 GMT-05:00" finished-at="2022-06-14T06:36:26 GMT-05:00">
    <groups>
    </groups>
    <test name="Surefire test" duration-ms="117325" started-at="2022-06-14T06:34:28 GMT-05:00" finished-at="2022-06-14T06:36:26 GMT-05:00">
    </test> <!-- Surefire test -->
  </suite> <!-- Surefire suite -->
</testng-results>
