<?xml version="1.0" encoding="UTF-8"?>
<testng-results ignored="0" total="5" passed="5" failed="0" skipped="0">
  <reporter-output>
  </reporter-output>
  <suite started-at="2022-06-14T12:41:15 GMT-05:00" name="Default suite" finished-at="2022-06-14T12:42:34 GMT-05:00" duration-ms="79905">
    <groups>
      <group name="cucumber">
        <method signature="AbstractTestNGCucumberTests.runScenario(io.cucumber.testng.PickleWrapper,io.cucumber.testng.FeatureWrapper)[pri:0, instance:stepdefinitionparallelwithtestng.ParallelRunUsingTestNG@2eae8e6e]" name="runScenario" class="io.cucumber.testng.AbstractTestNGCucumberTests"/>
      </group> <!-- cucumber -->
    </groups>
    <test started-at="2022-06-14T12:41:15 GMT-05:00" name="Default test" finished-at="2022-06-14T12:42:34 GMT-05:00" duration-ms="79905">
      <class name="stepdefinitionparallelwithtestng.ParallelRunUsingTestNG">
        <test-method is-config="true" signature="setUpClass()[pri:0, instance:stepdefinitionparallelwithtestng.ParallelRunUsingTestNG@2eae8e6e]" started-at="2022-06-14T12:41:15 GMT-05:00" name="setUpClass" finished-at="2022-06-14T12:41:17 GMT-05:00" duration-ms="2284" status="PASS">
          <reporter-output>
          </reporter-output>
        </test-method> <!-- setUpClass -->
        <test-method signature="runScenario(io.cucumber.testng.PickleWrapper,io.cucumber.testng.FeatureWrapper)[pri:0, instance:stepdefinitionparallelwithtestng.ParallelRunUsingTestNG@2eae8e6e]" started-at="2022-06-14T12:41:17 GMT-05:00" name="runScenario" description="Runs Cucumber Scenarios" data-provider="scenarios" finished-at="2022-06-14T12:42:20 GMT-05:00" duration-ms="63450" status="PASS">
          <params>
            <param index="0">
              <value>
                <![CDATA["Login with correct credentials"]]>
              </value>
            </param>
            <param index="1">
              <value>
                <![CDATA["Optional[Login page feature]"]]>
              </value>
            </param>
          </params>
          <reporter-output>
          </reporter-output>
        </test-method> <!-- runScenario -->
        <test-method signature="runScenario(io.cucumber.testng.PickleWrapper,io.cucumber.testng.FeatureWrapper)[pri:0, instance:stepdefinitionparallelwithtestng.ParallelRunUsingTestNG@2eae8e6e]" started-at="2022-06-14T12:41:17 GMT-05:00" name="runScenario" description="Runs Cucumber Scenarios" data-provider="scenarios" finished-at="2022-06-14T12:42:20 GMT-05:00" duration-ms="63510" status="PASS">
          <params>
            <param index="0">
              <value>
                <![CDATA["Account page title"]]>
              </value>
            </param>
            <param index="1">
              <value>
                <![CDATA["Optional[Account Page Feature]"]]>
              </value>
            </param>
          </params>
          <reporter-output>
          </reporter-output>
        </test-method> <!-- runScenario -->
        <test-method signature="runScenario(io.cucumber.testng.PickleWrapper,io.cucumber.testng.FeatureWrapper)[pri:0, instance:stepdefinitionparallelwithtestng.ParallelRunUsingTestNG@2eae8e6e]" started-at="2022-06-14T12:41:17 GMT-05:00" name="runScenario" description="Runs Cucumber Scenarios" data-provider="scenarios" finished-at="2022-06-14T12:42:20 GMT-05:00" duration-ms="63282" status="PASS">
          <params>
            <param index="0">
              <value>
                <![CDATA["Forget Password link"]]>
              </value>
            </param>
            <param index="1">
              <value>
                <![CDATA["Optional[Login page feature]"]]>
              </value>
            </param>
          </params>
          <reporter-output>
          </reporter-output>
        </test-method> <!-- runScenario -->
        <test-method signature="runScenario(io.cucumber.testng.PickleWrapper,io.cucumber.testng.FeatureWrapper)[pri:0, instance:stepdefinitionparallelwithtestng.ParallelRunUsingTestNG@2eae8e6e]" started-at="2022-06-14T12:41:17 GMT-05:00" name="runScenario" description="Runs Cucumber Scenarios" data-provider="scenarios" finished-at="2022-06-14T12:42:20 GMT-05:00" duration-ms="63417" status="PASS">
          <params>
            <param index="0">
              <value>
                <![CDATA["Login Page title"]]>
              </value>
            </param>
            <param index="1">
              <value>
                <![CDATA["Optional[Login page feature]"]]>
              </value>
            </param>
          </params>
          <reporter-output>
          </reporter-output>
        </test-method> <!-- runScenario -->
        <test-method signature="runScenario(io.cucumber.testng.PickleWrapper,io.cucumber.testng.FeatureWrapper)[pri:0, instance:stepdefinitionparallelwithtestng.ParallelRunUsingTestNG@2eae8e6e]" started-at="2022-06-14T12:41:17 GMT-05:00" name="runScenario" description="Runs Cucumber Scenarios" data-provider="scenarios" finished-at="2022-06-14T12:42:20 GMT-05:00" duration-ms="63554" status="PASS">
          <params>
            <param index="0">
              <value>
                <![CDATA["Account section count"]]>
              </value>
            </param>
            <param index="1">
              <value>
                <![CDATA["Optional[Account Page Feature]"]]>
              </value>
            </param>
          </params>
          <reporter-output>
          </reporter-output>
        </test-method> <!-- runScenario -->
        <test-method is-config="true" signature="tearDownClass()[pri:0, instance:stepdefinitionparallelwithtestng.ParallelRunUsingTestNG@2eae8e6e]" started-at="2022-06-14T12:42:20 GMT-05:00" name="tearDownClass" finished-at="2022-06-14T12:42:34 GMT-05:00" duration-ms="13973" status="PASS">
          <reporter-output>
          </reporter-output>
        </test-method> <!-- tearDownClass -->
      </class> <!-- stepdefinitionparallelwithtestng.ParallelRunUsingTestNG -->
    </test> <!-- Default test -->
  </suite> <!-- Default suite -->
</testng-results>
